[debug] [2021-08-03T00:11:53.905Z] ----------------------------------------------------------------------
[debug] [2021-08-03T00:11:53.909Z] Command:       D:\Program Files\nodejs\node.exe C:\Users\luisi\AppData\Local\Yarn\Data\global\node_modules\firebase-tools\lib\bin\firebase.js emulators:start --only functions
[debug] [2021-08-03T00:11:53.910Z] CLI Version:   9.12.1
[debug] [2021-08-03T00:11:53.910Z] Platform:      win32
[debug] [2021-08-03T00:11:53.910Z] Node Version:  v14.17.0
[debug] [2021-08-03T00:11:53.997Z] Time:          Mon Aug 02 2021 19:11:53 GMT-0500 (Central Daylight Time)
[debug] [2021-08-03T00:11:53.998Z] ----------------------------------------------------------------------
[debug] 
[debug] [2021-08-03T00:11:54.035Z] >>> [apiv2][query] GET https://firebase-public.firebaseio.com/cli.json [none]
[debug] [2021-08-03T00:11:54.202Z] > command requires scopes: ["email","openid","https://www.googleapis.com/auth/cloudplatformprojects.readonly","https://www.googleapis.com/auth/firebase","https://www.googleapis.com/auth/cloud-platform"]
[debug] [2021-08-03T00:11:54.203Z] > authorizing via signed-in user (luisillods6@gmail.com)
[info] i  emulators: Starting emulators: functions {"metadata":{"emulator":{"name":"hub"},"message":"Starting emulators: functions"}}
[debug] [2021-08-03T00:11:54.272Z] [hub] writing locator at C:\Users\luisi\AppData\Local\Temp\hub-instacool-a113a.json
[warn] !  functions: The following emulators are not running, calls to these services from the Functions emulator will affect production: auth, firestore, database, hosting, pubsub, storage {"metadata":{"emulator":{"name":"functions"},"message":"The following emulators are not running, calls to these services from the Functions emulator will affect production: \u001b[1mauth, firestore, database, hosting, pubsub, storage\u001b[22m"}}
[info] +  functions: Using node@14 from host. {"metadata":{"emulator":{"name":"functions"},"message":"Using node@14 from host."}}
[debug] [2021-08-03T00:11:54.321Z] defaultcredentials: writing to file C:\Users\luisi\AppData\Roaming\firebase\luisillods6_gmail_com_application_default_credentials.json
[debug] [2021-08-03T00:11:54.324Z] Setting GAC to C:\Users\luisi\AppData\Roaming\firebase\luisillods6_gmail_com_application_default_credentials.json {"metadata":{"emulator":{"name":"functions"},"message":"Setting GAC to C:\\Users\\luisi\\AppData\\Roaming\\firebase\\luisillods6_gmail_com_application_default_credentials.json"}}
[debug] [2021-08-03T00:11:54.326Z] > refreshing access token with scopes: []
[debug] [2021-08-03T00:11:54.328Z] >>> HTTP REQUEST POST https://www.googleapis.com/oauth2/v3/token  
 <request body omitted>
[debug] [2021-08-03T00:11:54.508Z] <<< [apiv2][status] GET https://firebase-public.firebaseio.com/cli.json 200
[debug] [2021-08-03T00:11:54.509Z] <<< [apiv2][body] GET https://firebase-public.firebaseio.com/cli.json {"cloudBuildErrorAfter":1594252800000,"cloudBuildWarnAfter":1590019200000,"defaultNode10After":1594252800000,"minVersion":"3.0.5","node8DeploysDisabledAfter":1613390400000,"node8RuntimeDisabledAfter":1615809600000,"node8WarnAfter":1600128000000}
[debug] [2021-08-03T00:11:54.551Z] <<< HTTP RESPONSE 200 {"date":"Tue, 03 Aug 2021 00:11:56 GMT","expires":"Mon, 01 Jan 1990 00:00:00 GMT","pragma":"no-cache","cache-control":"no-cache, no-store, max-age=0, must-revalidate","content-type":"application/json; charset=utf-8","vary":"X-Origin, Referer, Origin,Accept-Encoding","server":"scaffolding on HTTPServer2","x-xss-protection":"0","x-frame-options":"SAMEORIGIN","x-content-type-options":"nosniff","alt-svc":"h3=\":443\"; ma=2592000,h3-29=\":443\"; ma=2592000,h3-T051=\":443\"; ma=2592000,h3-Q050=\":443\"; ma=2592000,h3-Q046=\":443\"; ma=2592000,h3-Q043=\":443\"; ma=2592000,quic=\":443\"; ma=2592000; v=\"46,43\"","accept-ranges":"none","transfer-encoding":"chunked"}
[debug] [2021-08-03T00:11:54.612Z] >>> [apiv2][query] GET https://firebase.googleapis.com/v1beta1/projects/instacool-a113a/adminSdkConfig [none]
[debug] [2021-08-03T00:11:54.975Z] <<< [apiv2][status] GET https://firebase.googleapis.com/v1beta1/projects/instacool-a113a/adminSdkConfig 200
[debug] [2021-08-03T00:11:54.976Z] <<< [apiv2][body] GET https://firebase.googleapis.com/v1beta1/projects/instacool-a113a/adminSdkConfig {"projectId":"instacool-a113a","storageBucket":"instacool-a113a.appspot.com","locationId":"us-central"}
[debug] [2021-08-03T00:11:55.024Z] Ignoring unsupported arg: auto_download {"metadata":{"emulator":{"name":"ui"},"message":"Ignoring unsupported arg: auto_download"}}
[debug] [2021-08-03T00:11:55.025Z] Ignoring unsupported arg: port {"metadata":{"emulator":{"name":"ui"},"message":"Ignoring unsupported arg: port"}}
[debug] [2021-08-03T00:11:55.025Z] Starting Emulator UI with command {"binary":"node","args":["C:\\Users\\luisi\\.cache\\firebase\\emulators\\ui-v1.5.0\\server.bundle.js"],"optionalArgs":[],"joinArgs":false} {"metadata":{"emulator":{"name":"ui"},"message":"Starting Emulator UI with command {\"binary\":\"node\",\"args\":[\"C:\\\\Users\\\\luisi\\\\.cache\\\\firebase\\\\emulators\\\\ui-v1.5.0\\\\server.bundle.js\"],\"optionalArgs\":[],\"joinArgs\":false}"}}
[info] i  ui: Emulator UI logging to ui-debug.log {"metadata":{"emulator":{"name":"ui"},"message":"Emulator UI logging to \u001b[1mui-debug.log\u001b[22m"}}
[debug] [2021-08-03T00:11:55.402Z] Web / API server started at http://localhost:4000
 {"metadata":{"emulator":{"name":"ui"},"message":"Web / API server started at http://localhost:4000\n"}}
[info] i  functions: Watching "D:\GitRepos\instacool\functions" for Cloud Functions... {"metadata":{"emulator":{"name":"functions"},"message":"Watching \"D:\\GitRepos\\instacool\\functions\" for Cloud Functions..."}}
[debug] [2021-08-03T00:11:55.645Z] [worker-pool] addWorker(~diagnostic~) {"metadata":{"emulator":{"name":"functions"},"message":"[worker-pool] addWorker(~diagnostic~)"}}
[debug] [2021-08-03T00:11:55.646Z] [worker-pool] Adding worker with key ~diagnostic~, total=1 {"metadata":{"emulator":{"name":"functions"},"message":"[worker-pool] Adding worker with key ~diagnostic~, total=1"}}
[debug] [2021-08-03T00:11:55.647Z] [worker-pool] submitWork(triggerId=) {"metadata":{"emulator":{"name":"functions"},"message":"[worker-pool] submitWork(triggerId=)"}}
[debug] [2021-08-03T00:11:55.648Z] [worker-~diagnostic~-eda86170-2e7b-4371-b094-57c5e8f1e673]: Assigning socketPath: \\?\pipe\D:\GitRepos\instacool\functions\9464 {"metadata":{"emulator":{"name":"functions"},"message":"[worker-~diagnostic~-eda86170-2e7b-4371-b094-57c5e8f1e673]: Assigning socketPath: \\\\?\\pipe\\D:\\GitRepos\\instacool\\functions\\9464"}}
[debug] [2021-08-03T00:11:55.649Z] [worker-~diagnostic~-eda86170-2e7b-4371-b094-57c5e8f1e673]: BUSY {"metadata":{"emulator":{"name":"functions"},"message":"[worker-~diagnostic~-eda86170-2e7b-4371-b094-57c5e8f1e673]: BUSY"}}
[debug] [2021-08-03T00:11:56.041Z] [runtime-status] [9464] Functions runtime initialized. {"cwd":"D:\\GitRepos\\instacool\\functions","node_version":"14.17.0"} {"metadata":{"emulator":{"name":"functions"},"message":"[runtime-status] [9464] Functions runtime initialized. {\"cwd\":\"D:\\\\GitRepos\\\\instacool\\\\functions\",\"node_version\":\"14.17.0\"}"}}
[debug] [2021-08-03T00:11:56.043Z] [runtime-status] [9464] Disabled runtime features: undefined {"metadata":{"emulator":{"name":"functions"},"message":"[runtime-status] [9464] Disabled runtime features: undefined"}}
[debug] [2021-08-03T00:11:56.058Z] [runtime-status] [9464] Resolved module firebase-admin {"declared":true,"installed":true,"version":"9.11.0","resolution":"D:\\GitRepos\\instacool\\functions\\node_modules\\firebase-admin\\lib\\index.js"} {"metadata":{"emulator":{"name":"functions"},"message":"[runtime-status] [9464] Resolved module firebase-admin {\"declared\":true,\"installed\":true,\"version\":\"9.11.0\",\"resolution\":\"D:\\\\GitRepos\\\\instacool\\\\functions\\\\node_modules\\\\firebase-admin\\\\lib\\\\index.js\"}"}}
[debug] [2021-08-03T00:11:56.066Z] [runtime-status] [9464] Resolved module firebase-functions {"declared":true,"installed":true,"version":"3.14.1","resolution":"D:\\GitRepos\\instacool\\functions\\node_modules\\firebase-functions\\lib\\index.js"} {"metadata":{"emulator":{"name":"functions"},"message":"[runtime-status] [9464] Resolved module firebase-functions {\"declared\":true,\"installed\":true,\"version\":\"3.14.1\",\"resolution\":\"D:\\\\GitRepos\\\\instacool\\\\functions\\\\node_modules\\\\firebase-functions\\\\lib\\\\index.js\"}"}}
[debug] [2021-08-03T00:11:56.068Z] [runtime-status] [9464] Resolved module firebase-functions {"declared":true,"installed":true,"version":"3.14.1","resolution":"D:\\GitRepos\\instacool\\functions\\node_modules\\firebase-functions\\lib\\index.js"} {"metadata":{"emulator":{"name":"functions"},"message":"[runtime-status] [9464] Resolved module firebase-functions {\"declared\":true,\"installed\":true,\"version\":\"3.14.1\",\"resolution\":\"D:\\\\GitRepos\\\\instacool\\\\functions\\\\node_modules\\\\firebase-functions\\\\lib\\\\index.js\"}"}}
[debug] [2021-08-03T00:11:56.069Z] [runtime-status] [9464] Outgoing network have been stubbed. [{"name":"http","status":"mocked"},{"name":"http","status":"mocked"},{"name":"https","status":"mocked"},{"name":"https","status":"mocked"},{"name":"net","status":"mocked"}] {"metadata":{"emulator":{"name":"functions"},"message":"[runtime-status] [9464] Outgoing network have been stubbed. [{\"name\":\"http\",\"status\":\"mocked\"},{\"name\":\"http\",\"status\":\"mocked\"},{\"name\":\"https\",\"status\":\"mocked\"},{\"name\":\"https\",\"status\":\"mocked\"},{\"name\":\"net\",\"status\":\"mocked\"}]"}}
[debug] [2021-08-03T00:11:56.070Z] [runtime-status] [9464] Resolved module firebase-functions {"declared":true,"installed":true,"version":"3.14.1","resolution":"D:\\GitRepos\\instacool\\functions\\node_modules\\firebase-functions\\lib\\index.js"} {"metadata":{"emulator":{"name":"functions"},"message":"[runtime-status] [9464] Resolved module firebase-functions {\"declared\":true,\"installed\":true,\"version\":\"3.14.1\",\"resolution\":\"D:\\\\GitRepos\\\\instacool\\\\functions\\\\node_modules\\\\firebase-functions\\\\lib\\\\index.js\"}"}}
[debug] [2021-08-03T00:11:57.698Z] [runtime-status] [9464] Checked functions.config() {"config":{}} {"metadata":{"emulator":{"name":"functions"},"message":"[runtime-status] [9464] Checked functions.config() {\"config\":{}}"}}
[debug] [2021-08-03T00:11:57.699Z] [runtime-status] [9464] firebase-functions has been stubbed. {"functionsResolution":{"declared":true,"installed":true,"version":"3.14.1","resolution":"D:\\GitRepos\\instacool\\functions\\node_modules\\firebase-functions\\lib\\index.js"}} {"metadata":{"emulator":{"name":"functions"},"message":"[runtime-status] [9464] firebase-functions has been stubbed. {\"functionsResolution\":{\"declared\":true,\"installed\":true,\"version\":\"3.14.1\",\"resolution\":\"D:\\\\GitRepos\\\\instacool\\\\functions\\\\node_modules\\\\firebase-functions\\\\lib\\\\index.js\"}}"}}
[debug] [2021-08-03T00:11:57.701Z] [runtime-status] [9464] Resolved module firebase-functions {"declared":true,"installed":true,"version":"3.14.1","resolution":"D:\\GitRepos\\instacool\\functions\\node_modules\\firebase-functions\\lib\\index.js"} {"metadata":{"emulator":{"name":"functions"},"message":"[runtime-status] [9464] Resolved module firebase-functions {\"declared\":true,\"installed\":true,\"version\":\"3.14.1\",\"resolution\":\"D:\\\\GitRepos\\\\instacool\\\\functions\\\\node_modules\\\\firebase-functions\\\\lib\\\\index.js\"}"}}
[debug] [2021-08-03T00:11:57.709Z] [runtime-status] [9464] Resolved module firebase-admin {"declared":true,"installed":true,"version":"9.11.0","resolution":"D:\\GitRepos\\instacool\\functions\\node_modules\\firebase-admin\\lib\\index.js"} {"metadata":{"emulator":{"name":"functions"},"message":"[runtime-status] [9464] Resolved module firebase-admin {\"declared\":true,\"installed\":true,\"version\":\"9.11.0\",\"resolution\":\"D:\\\\GitRepos\\\\instacool\\\\functions\\\\node_modules\\\\firebase-admin\\\\lib\\\\index.js\"}"}}
[debug] [2021-08-03T00:11:57.712Z] [runtime-status] [9464] Resolved module firebase-functions {"declared":true,"installed":true,"version":"3.14.1","resolution":"D:\\GitRepos\\instacool\\functions\\node_modules\\firebase-functions\\lib\\index.js"} {"metadata":{"emulator":{"name":"functions"},"message":"[runtime-status] [9464] Resolved module firebase-functions {\"declared\":true,\"installed\":true,\"version\":\"3.14.1\",\"resolution\":\"D:\\\\GitRepos\\\\instacool\\\\functions\\\\node_modules\\\\firebase-functions\\\\lib\\\\index.js\"}"}}
[debug] [2021-08-03T00:11:57.713Z] [runtime-status] [9464] firebase-admin has been stubbed. {"adminResolution":{"declared":true,"installed":true,"version":"9.11.0","resolution":"D:\\GitRepos\\instacool\\functions\\node_modules\\firebase-admin\\lib\\index.js"}} {"metadata":{"emulator":{"name":"functions"},"message":"[runtime-status] [9464] firebase-admin has been stubbed. {\"adminResolution\":{\"declared\":true,\"installed\":true,\"version\":\"9.11.0\",\"resolution\":\"D:\\\\GitRepos\\\\instacool\\\\functions\\\\node_modules\\\\firebase-admin\\\\lib\\\\index.js\"}}"}}
[debug] [2021-08-03T00:12:00.948Z] [runtime-status] [9464] initializeApp(DEFAULT) {"credential":{"implicit":true,"refreshToken":{"clientId":"563584335869-fgrhgmd47bqnekij5i8b5pr03ho849e6.apps.googleusercontent.com","clientSecret":"j9iVZfS8kkCEFUPaAeJV0sAi","refreshToken":"1//0fPf35154XcPYCgYIARAAGA8SNwF-L9IrOwUalJKyfb7rJG_9wOAkrQHb_5f49Gz79azopc9I4L2NqXCMNe6Ta552xGCIKuYnXjE","type":"authorized_user"},"httpClient":{"retry":{"maxRetries":4,"statusCodes":[503],"ioErrorCodes":["ECONNRESET","ETIMEDOUT"],"backOffFactor":0.5,"maxDelayInMillis":60000}}}} {"metadata":{"emulator":{"name":"functions"},"message":"[runtime-status] [9464] initializeApp(DEFAULT) {\"credential\":{\"implicit\":true,\"refreshToken\":{\"clientId\":\"563584335869-fgrhgmd47bqnekij5i8b5pr03ho849e6.apps.googleusercontent.com\",\"clientSecret\":\"j9iVZfS8kkCEFUPaAeJV0sAi\",\"refreshToken\":\"1//0fPf35154XcPYCgYIARAAGA8SNwF-L9IrOwUalJKyfb7rJG_9wOAkrQHb_5f49Gz79azopc9I4L2NqXCMNe6Ta552xGCIKuYnXjE\",\"type\":\"authorized_user\"},\"httpClient\":{\"retry\":{\"maxRetries\":4,\"statusCodes\":[503],\"ioErrorCodes\":[\"ECONNRESET\",\"ETIMEDOUT\"],\"backOffFactor\":0.5,\"maxDelayInMillis\":60000}}}}"}}
[warn] !  functions: The Cloud Firestore emulator is not running, so calls to Firestore will affect production. {"metadata":{"emulator":{"name":"functions"},"message":"The Cloud Firestore emulator is not running, so calls to Firestore will affect production."}}
[warn] !  functions: The Firebase Authentication emulator is not running, so calls to Firebase Authentication will affect production. {"metadata":{"emulator":{"name":"functions"},"message":"The Firebase Authentication emulator is not running, so calls to Firebase Authentication will affect production."}}
[info] +  functions[us-central1-api]: http function initialized (http://localhost:5001/instacool-a113a/us-central1/api). {"metadata":{"emulator":{"name":"functions"},"message":"\u001b[1mhttp\u001b[22m function initialized (http://localhost:5001/instacool-a113a/us-central1/api)."}}
[info] 
┌─────────────────────────────────────────────────────────────┐
│ ✔  All emulators ready! It is now safe to connect your app. │
│ i  View Emulator UI at http://localhost:4000                │
└─────────────────────────────────────────────────────────────┘

┌───────────┬────────────────┬─────────────────────────────────┐
│ Emulator  │ Host:Port      │ View in Emulator UI             │
├───────────┼────────────────┼─────────────────────────────────┤
│ Functions │ localhost:5001 │ http://localhost:4000/functions │
└───────────┴────────────────┴─────────────────────────────────┘
  Emulator Hub running at localhost:4400
  Other reserved ports: 4500

Issues? Report them at https://github.com/firebase/firebase-tools/issues and attach the *-debug.log files.
 
[debug] [2021-08-03T00:12:06.744Z] [worker-~diagnostic~-eda86170-2e7b-4371-b094-57c5e8f1e673]: IDLE {"metadata":{"emulator":{"name":"functions"},"message":"[worker-~diagnostic~-eda86170-2e7b-4371-b094-57c5e8f1e673]: IDLE"}}
[debug] [2021-08-03T00:36:06.563Z] Received signal SIGHUP 1
